<?xml version="1.0" encoding="UTF-8"?>
<!-- Generated by org.testng.reporters.JUnitXMLReporter -->
<testsuite ignored="0" hostname="PL-IN-PF4F99BY" failures="0" tests="14" name="Default test" time="306.167" errors="0" timestamp="2024-08-05T09:35:29 IST">
  <testcase classname="Client_Project.TestClass1" name="Test1" time="3.854"/>
  <testcase classname="Client_Project.TestClass1" name="LeadPageAccess" time="2.617"/>
  <testcase classname="Client_Project.TestClass1" name="LeadFillDetails" time="2.932"/>
  <testcase classname="Client_Project.TestClass1" name="ConvertToApplication" time="1.676"/>
  <testcase classname="Client_Project.TestClass1" name="CreateApp1" time="10.542"/>
  <testcase classname="Client_Project.TestClass1" name="CreateApp2" time="46.991"/>
  <testcase classname="Client_Project.TestClass1" name="CreateApp3" time="25.343"/>
  <testcase classname="Client_Project.TestClass1" name="CreateApp4" time="77.387"/>
  <testcase classname="Client_Project.TestClass1" name="ParmanentAdd" time="27.504"/>
  <testcase classname="Client_Project.TestClass1" name="SocioEconomicDetails" time="32.727"/>
  <testcase classname="Client_Project.TestClass1" name="AssetDetails" time="22.033"/>
  <testcase classname="Client_Project.TestClass1" name="Flowpage" time="17.16"/>
  <testcase classname="Client_Project.TestClass1" name="LoanEligibility" time="20.151"/>
  <testcase classname="Client_Project.TestClass1" name="BankVerification" time="15.132"/>
</testsuite> <!-- Default test -->
