<?xml version="1.0" encoding="UTF-8"?>
<testng-results ignored="0" total="14" passed="14" failed="0" skipped="0">
  <reporter-output>
  </reporter-output>
  <suite started-at="2024-08-05T09:30:23 IST" name="Default suite" finished-at="2024-08-05T09:35:29 IST" duration-ms="306167">
    <groups>
    </groups>
    <test started-at="2024-08-05T09:30:23 IST" name="Default test" finished-at="2024-08-05T09:35:29 IST" duration-ms="306167">
      <class name="Client_Project.TestClass1">
        <test-method is-config="true" signature="launchApplication()[pri:0, instance:Client_Project.TestClass1@73e9cf30]" started-at="2024-08-05T09:30:12 IST" name="launchApplication" finished-at="2024-08-05T09:30:23 IST" duration-ms="10118" status="PASS">
          <reporter-output>
          </reporter-output>
        </test-method> <!-- launchApplication -->
        <test-method signature="Test1()[pri:1, instance:Client_Project.TestClass1@73e9cf30]" started-at="2024-08-05T09:30:23 IST" name="Test1" finished-at="2024-08-05T09:30:27 IST" duration-ms="3854" status="PASS">
          <reporter-output>
          </reporter-output>
        </test-method> <!-- Test1 -->
        <test-method signature="LeadPageAccess()[pri:2, instance:Client_Project.TestClass1@73e9cf30]" started-at="2024-08-05T09:30:27 IST" name="LeadPageAccess" finished-at="2024-08-05T09:30:29 IST" duration-ms="2617" status="PASS">
          <reporter-output>
          </reporter-output>
        </test-method> <!-- LeadPageAccess -->
        <test-method signature="LeadFillDetails()[pri:3, instance:Client_Project.TestClass1@73e9cf30]" started-at="2024-08-05T09:30:29 IST" name="LeadFillDetails" finished-at="2024-08-05T09:30:32 IST" duration-ms="2932" status="PASS">
          <reporter-output>
          </reporter-output>
        </test-method> <!-- LeadFillDetails -->
        <test-method signature="ConvertToApplication()[pri:4, instance:Client_Project.TestClass1@73e9cf30]" started-at="2024-08-05T09:30:32 IST" name="ConvertToApplication" finished-at="2024-08-05T09:30:34 IST" duration-ms="1676" status="PASS">
          <reporter-output>
          </reporter-output>
        </test-method> <!-- ConvertToApplication -->
        <test-method signature="CreateApp1()[pri:5, instance:Client_Project.TestClass1@73e9cf30]" started-at="2024-08-05T09:30:34 IST" name="CreateApp1" finished-at="2024-08-05T09:30:44 IST" duration-ms="10542" status="PASS">
          <reporter-output>
          </reporter-output>
        </test-method> <!-- CreateApp1 -->
        <test-method signature="CreateApp2()[pri:6, instance:Client_Project.TestClass1@73e9cf30]" started-at="2024-08-05T09:30:44 IST" name="CreateApp2" finished-at="2024-08-05T09:31:31 IST" duration-ms="46991" status="PASS">
          <reporter-output>
          </reporter-output>
        </test-method> <!-- CreateApp2 -->
        <test-method signature="CreateApp3()[pri:7, instance:Client_Project.TestClass1@73e9cf30]" started-at="2024-08-05T09:31:31 IST" name="CreateApp3" finished-at="2024-08-05T09:31:57 IST" duration-ms="25343" status="PASS">
          <reporter-output>
          </reporter-output>
        </test-method> <!-- CreateApp3 -->
        <test-method signature="CreateApp4()[pri:8, instance:Client_Project.TestClass1@73e9cf30]" started-at="2024-08-05T09:31:57 IST" name="CreateApp4" finished-at="2024-08-05T09:33:14 IST" duration-ms="77387" status="PASS">
          <reporter-output>
          </reporter-output>
        </test-method> <!-- CreateApp4 -->
        <test-method signature="ParmanentAdd()[pri:9, instance:Client_Project.TestClass1@73e9cf30]" started-at="2024-08-05T09:33:14 IST" name="ParmanentAdd" finished-at="2024-08-05T09:33:42 IST" duration-ms="27504" status="PASS">
          <reporter-output>
          </reporter-output>
        </test-method> <!-- ParmanentAdd -->
        <test-method signature="SocioEconomicDetails()[pri:10, instance:Client_Project.TestClass1@73e9cf30]" started-at="2024-08-05T09:33:42 IST" name="SocioEconomicDetails" finished-at="2024-08-05T09:34:14 IST" duration-ms="32727" status="PASS">
          <reporter-output>
          </reporter-output>
        </test-method> <!-- SocioEconomicDetails -->
        <test-method signature="AssetDetails()[pri:11, instance:Client_Project.TestClass1@73e9cf30]" started-at="2024-08-05T09:34:14 IST" name="AssetDetails" finished-at="2024-08-05T09:34:36 IST" duration-ms="22033" status="PASS">
          <reporter-output>
          </reporter-output>
        </test-method> <!-- AssetDetails -->
        <test-method signature="Flowpage()[pri:12, instance:Client_Project.TestClass1@73e9cf30]" started-at="2024-08-05T09:34:36 IST" name="Flowpage" finished-at="2024-08-05T09:34:53 IST" duration-ms="17160" status="PASS">
          <reporter-output>
          </reporter-output>
        </test-method> <!-- Flowpage -->
        <test-method signature="LoanEligibility()[pri:13, instance:Client_Project.TestClass1@73e9cf30]" started-at="2024-08-05T09:34:53 IST" name="LoanEligibility" finished-at="2024-08-05T09:35:14 IST" duration-ms="20151" status="PASS">
          <reporter-output>
          </reporter-output>
        </test-method> <!-- LoanEligibility -->
        <test-method signature="BankVerification()[pri:14, instance:Client_Project.TestClass1@73e9cf30]" started-at="2024-08-05T09:35:14 IST" name="BankVerification" finished-at="2024-08-05T09:35:29 IST" duration-ms="15132" status="PASS">
          <reporter-output>
          </reporter-output>
        </test-method> <!-- BankVerification -->
      </class> <!-- Client_Project.TestClass1 -->
    </test> <!-- Default test -->
  </suite> <!-- Default suite -->
</testng-results>
